[debug] [2023-12-06T22:32:40.564Z] ----------------------------------------------------------------------
[debug] [2023-12-06T22:32:40.565Z] Command:       C:\Program Files\nodejs\node.exe C:\Program Files\nodejs\node_modules\firebase-tools\lib\bin\firebase.js init
[debug] [2023-12-06T22:32:40.565Z] CLI Version:   10.5.0
[debug] [2023-12-06T22:32:40.566Z] Platform:      win32
[debug] [2023-12-06T22:32:40.566Z] Node Version:  v18.17.0
[debug] [2023-12-06T22:32:40.566Z] Time:          Wed Dec 06 2023 17:32:40 GMT-0500 (Eastern Standard Time)
[debug] [2023-12-06T22:32:40.567Z] ----------------------------------------------------------------------
[debug] 
[debug] [2023-12-06T22:32:40.569Z] >>> [apiv2][query] GET https://firebase-public.firebaseio.com/cli.json [none]
[debug] [2023-12-06T22:32:40.613Z] > command requires scopes: ["email","openid","https://www.googleapis.com/auth/cloudplatformprojects.readonly","https://www.googleapis.com/auth/firebase","https://www.googleapis.com/auth/cloud-platform"]
[debug] [2023-12-06T22:32:40.613Z] > authorizing via signed-in user (ethanu.email@gmail.com)
[info] 
     ######## #### ########  ######## ########     ###     ######  ########
     ##        ##  ##     ## ##       ##     ##  ##   ##  ##       ##
     ######    ##  ########  ######   ########  #########  ######  ######
     ##        ##  ##    ##  ##       ##     ## ##     ##       ## ##
     ##       #### ##     ## ######## ########  ##     ##  ######  ########

You're about to initialize a Firebase project in this directory:

  C:\Users\spart\Documents\GitHub\MyStuff\my-app

[debug] [2023-12-06T22:32:41.146Z] <<< [apiv2][status] GET https://firebase-public.firebaseio.com/cli.json 200
[debug] [2023-12-06T22:32:41.147Z] <<< [apiv2][body] GET https://firebase-public.firebaseio.com/cli.json {"cloudBuildErrorAfter":1594252800000,"cloudBuildWarnAfter":1590019200000,"defaultNode10After":1594252800000,"minVersion":"3.0.5","node8DeploysDisabledAfter":1613390400000,"node8RuntimeDisabledAfter":1615809600000,"node8WarnAfter":1600128000000}
